<?xml version="1.0" encoding="UTF-8"?>
<!-- Generated by org.testng.reporters.JUnitReportReporter -->
<testsuite hostname="Alexra-T460s" failures="0" tests="1" name="test.UdemySanity" time="40.554" errors="0" timestamp="10 Nov 2018 17:00:31 GMT" skipped="0">
  <testcase classname="test.UdemySanity" name="testSeleniumCourses" time="40.554"/>
</testsuite> <!-- test.UdemySanity -->
