<?xml version="1.0" encoding="UTF-8"?>
<!-- Generated by org.testng.reporters.JUnitReportReporter -->
<testsuite hostname="Alexra-T460s" failures="0" tests="1" name="test.UdemySanity" time="5.520" errors="0" timestamp="09 Nov 2018 08:47:08 GMT" skipped="0">
  <testcase classname="test.UdemySanity" name="testSeleniumCourses" time="5.520"/>
</testsuite> <!-- test.UdemySanity -->
